<?xml version="1.0" encoding="UTF-8"?>
<!-- Generated by org.testng.reporters.JUnitReportReporter -->
<testsuite hostname="DESKTOP-5TQ0DL2" name="ScenarioComponent.ScenarioSearch" tests="2" failures="0" timestamp="31 Jul 2018 08:34:41 GMT" time="121.625" errors="0">
  <testcase name="testsearch" time="84.824" classname="ScenarioComponent.ScenarioSearch"/>
  <testcase name="Init_App" time="36.801" classname="ScenarioComponent.ScenarioSearch"/>
</testsuite> <!-- ScenarioComponent.ScenarioSearch -->
