<?xml version="1.0" encoding="UTF-8"?>
<!-- Generated by org.testng.reporters.JUnitReportReporter -->
<testsuite hostname="DESKTOP-5TQ0DL2" name="GenericComponent.BaseClass" tests="1" failures="0" timestamp="28 Jul 2018 03:19:20 GMT" time="34.076" errors="0">
  <testcase name="Init_App" time="34.076" classname="GenericComponent.BaseClass"/>
</testsuite> <!-- GenericComponent.BaseClass -->
